Determining if the pthread_create exist failed with the following output:
Change Dir: /home/vik/Repos/ue1_hashtable/cmake-build-debug/CMakeFiles/CMakeTmp

Run Build Command:"/usr/bin/make" "cmTC_4dee1/fast"
/usr/bin/make -f CMakeFiles/cmTC_4dee1.dir/build.make CMakeFiles/cmTC_4dee1.dir/build
make[1]: Entering directory '/home/vik/Repos/ue1_hashtable/cmake-build-debug/CMakeFiles/CMakeTmp'
Building C object CMakeFiles/cmTC_4dee1.dir/CheckSymbolExists.c.o
/usr/bin/cc    -o CMakeFiles/cmTC_4dee1.dir/CheckSymbolExists.c.o   -c /home/vik/Repos/ue1_hashtable/cmake-build-debug/CMakeFiles/CMakeTmp/CheckSymbolExists.c
Linking C executable cmTC_4dee1
/opt/clion/bin/cmake/bin/cmake -E cmake_link_script CMakeFiles/cmTC_4dee1.dir/link.txt --verbose=1
/usr/bin/cc      -rdynamic CMakeFiles/cmTC_4dee1.dir/CheckSymbolExists.c.o  -o cmTC_4dee1 
CMakeFiles/cmTC_4dee1.dir/CheckSymbolExists.c.o: In function `main':
CheckSymbolExists.c:(.text+0x1b): undefined reference to `pthread_create'
collect2: error: ld returned 1 exit status
make[1]: *** [CMakeFiles/cmTC_4dee1.dir/build.make:98: cmTC_4dee1] Error 1
make[1]: Leaving directory '/home/vik/Repos/ue1_hashtable/cmake-build-debug/CMakeFiles/CMakeTmp'
make: *** [Makefile:126: cmTC_4dee1/fast] Error 2

File /home/vik/Repos/ue1_hashtable/cmake-build-debug/CMakeFiles/CMakeTmp/CheckSymbolExists.c:
/* */
#include <pthread.h>

int main(int argc, char** argv)
{
  (void)argv;
#ifndef pthread_create
  return ((int*)(&pthread_create))[argc];
#else
  (void)argc;
  return 0;
#endif
}

